Compiling the CXX compiler identification source file "CMakeCXXCompilerId.cpp" failed.
Compiler:  
Build flags: 
Id flags:  

The output was:
1
Microsoft (R) Build Engine версии 16.11.2+f32259642 для .NET Framework
(C) Корпорация Майкрософт (Microsoft Corporation). Все права защищены.

Сборка начата 10.05.2023 21:32:23.
Проект "D:\PROJ\lab82\build\windows\CMakeFiles\3.20.21032501-MSVC_2\CompilerIdCXX\CompilerIdCXX.vcxproj" в узле 1 (целевые объекты по умолчанию).
PrepareForBuild:
  Создание каталога "Debug\".
C:\Program Files (x86)\Microsoft Visual Studio\2019\BuildTools\MSBuild\Microsoft\VC\v160\Microsoft.CppBuild.targets(495,5): warning MSB8003: свойство WindowsSDKDir не определено. Возможно, не найдены некоторые средства сборки. [D:\PROJ\lab82\build\windows\CMakeFiles\3.20.21032501-MSVC_2\CompilerIdCXX\CompilerIdCXX.vcxproj]
  Создание каталога "Debug\CompilerIdCXX.tlog\".
InitializeBuildStatus:
  Создание "Debug\CompilerIdCXX.tlog\unsuccessfulbuild", так как было задано "AlwaysCreate".
ClCompile:
  C:\Program Files (x86)\Microsoft Visual Studio\2019\BuildTools\VC\Tools\MSVC\14.29.30133\bin\HostX64\x64\CL.exe /c /nologo /W0 /WX- /diagnostics:column /Od /D _MBCS /Gm- /EHsc /RTC1 /MDd /GS /fp:precise /Zc:wchar_t /Zc:forScope /Zc:inline /Fo"Debug\\" /Fd"Debug\vc142.pdb" /external:W0 /Gd /TP /FC /errorReport:queue CMakeCXXCompilerId.cpp
  CMakeCXXCompilerId.cpp
Link:
  C:\Program Files (x86)\Microsoft Visual Studio\2019\BuildTools\VC\Tools\MSVC\14.29.30133\bin\HostX64\x64\link.exe /ERRORREPORT:QUEUE /OUT:".\CompilerIdCXX.exe" /INCREMENTAL:NO /NOLOGO kernel32.lib user32.lib gdi32.lib winspool.lib comdlg32.lib advapi32.lib shell32.lib ole32.lib oleaut32.lib uuid.lib odbc32.lib odbccp32.lib /MANIFEST /MANIFESTUAC:"level='asInvoker' uiAccess='false'" /manifest:embed /PDB:".\CompilerIdCXX.pdb" /SUBSYSTEM:CONSOLE /TLBID:1 /DYNAMICBASE /NXCOMPAT /IMPLIB:".\CompilerIdCXX.lib" /MACHINE:X64 Debug\CMakeCXXCompilerId.obj
LINK : fatal error LNK1181: не удается открыть входной файл "kernel32.lib" [D:\PROJ\lab82\build\windows\CMakeFiles\3.20.21032501-MSVC_2\CompilerIdCXX\CompilerIdCXX.vcxproj]
Сборка проекта "D:\PROJ\lab82\build\windows\CMakeFiles\3.20.21032501-MSVC_2\CompilerIdCXX\CompilerIdCXX.vcxproj" завершена (целевые объекты по умолчанию) с ошибкой.

Ошибка сборки.

"D:\PROJ\lab82\build\windows\CMakeFiles\3.20.21032501-MSVC_2\CompilerIdCXX\CompilerIdCXX.vcxproj" (целевой объект по умолчанию) (1) ->
(Целевой объект PrepareForBuild) -> 
  C:\Program Files (x86)\Microsoft Visual Studio\2019\BuildTools\MSBuild\Microsoft\VC\v160\Microsoft.CppBuild.targets(495,5): warning MSB8003: свойство WindowsSDKDir не определено. Возможно, не найдены некоторые средства сборки. [D:\PROJ\lab82\build\windows\CMakeFiles\3.20.21032501-MSVC_2\CompilerIdCXX\CompilerIdCXX.vcxproj]


"D:\PROJ\lab82\build\windows\CMakeFiles\3.20.21032501-MSVC_2\CompilerIdCXX\CompilerIdCXX.vcxproj" (целевой объект по умолчанию) (1) ->
(Целевой объект Link) -> 
  LINK : fatal error LNK1181: не удается открыть входной файл "kernel32.lib" [D:\PROJ\lab82\build\windows\CMakeFiles\3.20.21032501-MSVC_2\CompilerIdCXX\CompilerIdCXX.vcxproj]

    Предупреждений: 1
    Ошибок: 1

Прошло времени 00:00:01.22


Compiling the CXX compiler identification source file "CMakeCXXCompilerId.cpp" failed.
Compiler:  
Build flags: 
Id flags:  

The output was:
1
Microsoft (R) Build Engine версии 16.11.2+f32259642 для .NET Framework
(C) Корпорация Майкрософт (Microsoft Corporation). Все права защищены.

Сборка начата 10.05.2023 21:32:24.
Проект "D:\PROJ\lab82\build\windows\CMakeFiles\3.20.21032501-MSVC_2\CompilerIdCXX\CompilerIdCXX.vcxproj" в узле 1 (целевые объекты по умолчанию).
PrepareForBuild:
  Создание каталога "Debug\".
C:\Program Files (x86)\Microsoft Visual Studio\2019\BuildTools\MSBuild\Microsoft\VC\v160\Microsoft.CppBuild.targets(495,5): warning MSB8003: свойство WindowsSDKDir не определено. Возможно, не найдены некоторые средства сборки. [D:\PROJ\lab82\build\windows\CMakeFiles\3.20.21032501-MSVC_2\CompilerIdCXX\CompilerIdCXX.vcxproj]
  Создание каталога "Debug\CompilerIdCXX.tlog\".
InitializeBuildStatus:
  Создание "Debug\CompilerIdCXX.tlog\unsuccessfulbuild", так как было задано "AlwaysCreate".
ClCompile:
  C:\Program Files (x86)\Microsoft Visual Studio\2019\BuildTools\VC\Tools\MSVC\14.29.30133\bin\HostX64\x64\CL.exe /c /nologo /W0 /WX- /diagnostics:column /Od /D _MBCS /Gm- /EHsc /RTC1 /MDd /GS /fp:precise /Zc:wchar_t /Zc:forScope /Zc:inline /Fo"Debug\\" /Fd"Debug\vc142.pdb" /external:W0 /Gd /TP /FC /errorReport:queue CMakeCXXCompilerId.cpp
  CMakeCXXCompilerId.cpp
Link:
  C:\Program Files (x86)\Microsoft Visual Studio\2019\BuildTools\VC\Tools\MSVC\14.29.30133\bin\HostX64\x64\link.exe /ERRORREPORT:QUEUE /OUT:".\CompilerIdCXX.exe" /INCREMENTAL:NO /NOLOGO kernel32.lib user32.lib gdi32.lib winspool.lib comdlg32.lib advapi32.lib shell32.lib ole32.lib oleaut32.lib uuid.lib odbc32.lib odbccp32.lib /MANIFEST /MANIFESTUAC:"level='asInvoker' uiAccess='false'" /manifest:embed /PDB:".\CompilerIdCXX.pdb" /SUBSYSTEM:CONSOLE /TLBID:1 /DYNAMICBASE /NXCOMPAT /IMPLIB:".\CompilerIdCXX.lib" /MACHINE:X64 Debug\CMakeCXXCompilerId.obj
LINK : fatal error LNK1181: не удается открыть входной файл "kernel32.lib" [D:\PROJ\lab82\build\windows\CMakeFiles\3.20.21032501-MSVC_2\CompilerIdCXX\CompilerIdCXX.vcxproj]
Сборка проекта "D:\PROJ\lab82\build\windows\CMakeFiles\3.20.21032501-MSVC_2\CompilerIdCXX\CompilerIdCXX.vcxproj" завершена (целевые объекты по умолчанию) с ошибкой.

Ошибка сборки.

"D:\PROJ\lab82\build\windows\CMakeFiles\3.20.21032501-MSVC_2\CompilerIdCXX\CompilerIdCXX.vcxproj" (целевой объект по умолчанию) (1) ->
(Целевой объект PrepareForBuild) -> 
  C:\Program Files (x86)\Microsoft Visual Studio\2019\BuildTools\MSBuild\Microsoft\VC\v160\Microsoft.CppBuild.targets(495,5): warning MSB8003: свойство WindowsSDKDir не определено. Возможно, не найдены некоторые средства сборки. [D:\PROJ\lab82\build\windows\CMakeFiles\3.20.21032501-MSVC_2\CompilerIdCXX\CompilerIdCXX.vcxproj]


"D:\PROJ\lab82\build\windows\CMakeFiles\3.20.21032501-MSVC_2\CompilerIdCXX\CompilerIdCXX.vcxproj" (целевой объект по умолчанию) (1) ->
(Целевой объект Link) -> 
  LINK : fatal error LNK1181: не удается открыть входной файл "kernel32.lib" [D:\PROJ\lab82\build\windows\CMakeFiles\3.20.21032501-MSVC_2\CompilerIdCXX\CompilerIdCXX.vcxproj]

    Предупреждений: 1
    Ошибок: 1

Прошло времени 00:00:00.78


